0 info it worked if it ends with ok
1 verbose cli [ '/usr/local/bin/node',
1 verbose cli   '/usr/local/bin/npm',
1 verbose cli   'install',
1 verbose cli   '-g',
1 verbose cli   'grunt-cli' ]
2 info using npm@3.3.12
3 info using node@v5.1.0
4 silly loadCurrentTree Starting
5 silly install loadCurrentTree
6 silly install readGlobalPackageData
7 silly fetchPackageMetaData grunt-cli
8 silly fetchNamedPackageData grunt-cli
9 silly mapToRegistry name grunt-cli
10 silly mapToRegistry using default registry
11 silly mapToRegistry registry https://registry.npmjs.org/
12 silly mapToRegistry uri https://registry.npmjs.org/grunt-cli
13 verbose request uri https://registry.npmjs.org/grunt-cli
14 verbose request no auth needed
15 info attempt registry request try #1 at 11:41:45 AM
16 verbose request id 5bd4fff132848726
17 verbose etag "8DF8UKMFFYV0UDQ3DK6BVEBYC"
18 http request GET https://registry.npmjs.org/grunt-cli
19 http 304 https://registry.npmjs.org/grunt-cli
20 verbose headers { date: 'Fri, 20 Nov 2015 10:41:46 GMT',
20 verbose headers   via: '1.1 varnish',
20 verbose headers   'cache-control': 'max-age=60',
20 verbose headers   etag: '"8DF8UKMFFYV0UDQ3DK6BVEBYC"',
20 verbose headers   age: '31',
20 verbose headers   connection: 'keep-alive',
20 verbose headers   'x-served-by': 'cache-fra1226-FRA',
20 verbose headers   'x-cache': 'HIT',
20 verbose headers   'x-cache-hits': '2',
20 verbose headers   'x-timer': 'S1448016106.599676,VS0,VE0',
20 verbose headers   vary: 'Accept' }
21 silly get cb [ 304,
21 silly get   { date: 'Fri, 20 Nov 2015 10:41:46 GMT',
21 silly get     via: '1.1 varnish',
21 silly get     'cache-control': 'max-age=60',
21 silly get     etag: '"8DF8UKMFFYV0UDQ3DK6BVEBYC"',
21 silly get     age: '31',
21 silly get     connection: 'keep-alive',
21 silly get     'x-served-by': 'cache-fra1226-FRA',
21 silly get     'x-cache': 'HIT',
21 silly get     'x-cache-hits': '2',
21 silly get     'x-timer': 'S1448016106.599676,VS0,VE0',
21 silly get     vary: 'Accept' } ]
22 verbose etag https://registry.npmjs.org/grunt-cli from cache
23 verbose get saving grunt-cli to /Users/TinyForce/.npm/registry.npmjs.org/grunt-cli/.cache.json
24 silly install normalizeTree
25 silly loadCurrentTree Finishing
26 silly loadIdealTree Starting
27 silly install loadIdealTree
28 silly cloneCurrentTree Starting
29 silly install cloneCurrentTreeToIdealTree
30 silly cloneCurrentTree Finishing
31 silly loadShrinkwrap Starting
32 silly install loadShrinkwrap
33 silly loadShrinkwrap Finishing
34 silly loadAllDepsIntoIdealTree Starting
35 silly install loadAllDepsIntoIdealTree
36 silly resolveWithNewModule grunt-cli@0.1.13 checking installable status
37 silly cache add args [ 'grunt-cli', null ]
38 verbose cache add spec grunt-cli
39 silly cache add parsed spec Result {
39 silly cache add   raw: 'grunt-cli',
39 silly cache add   scope: null,
39 silly cache add   name: 'grunt-cli',
39 silly cache add   rawSpec: '',
39 silly cache add   spec: '*',
39 silly cache add   type: 'range' }
40 silly addNamed grunt-cli@*
41 verbose addNamed "*" is a valid semver range for grunt-cli
42 silly addNameRange { name: 'grunt-cli', range: '*', hasData: false }
43 silly mapToRegistry name grunt-cli
44 silly mapToRegistry using default registry
45 silly mapToRegistry registry https://registry.npmjs.org/
46 silly mapToRegistry uri https://registry.npmjs.org/grunt-cli
47 verbose addNameRange registry:https://registry.npmjs.org/grunt-cli not in flight; fetching
48 verbose get https://registry.npmjs.org/grunt-cli not expired, no request
49 silly addNameRange number 2 { name: 'grunt-cli', range: '*', hasData: true }
50 silly addNameRange versions [ 'grunt-cli',
50 silly addNameRange   [ '0.1.0',
50 silly addNameRange     '0.1.1',
50 silly addNameRange     '0.1.2',
50 silly addNameRange     '0.1.3',
50 silly addNameRange     '0.1.4',
50 silly addNameRange     '0.1.5',
50 silly addNameRange     '0.1.6',
50 silly addNameRange     '0.1.7',
50 silly addNameRange     '0.1.8',
50 silly addNameRange     '0.1.9',
50 silly addNameRange     '0.1.10',
50 silly addNameRange     '0.1.11',
50 silly addNameRange     '0.1.12',
50 silly addNameRange     '0.1.13' ] ]
51 silly addNamed grunt-cli@0.1.13
52 verbose addNamed "0.1.13" is a plain semver version for grunt-cli
53 silly cache afterAdd grunt-cli@0.1.13
54 verbose afterAdd /Users/TinyForce/.npm/grunt-cli/0.1.13/package/package.json not in flight; writing
55 verbose afterAdd /Users/TinyForce/.npm/grunt-cli/0.1.13/package/package.json written
56 silly fetchNamedPackageData nopt
57 silly mapToRegistry name nopt
58 silly mapToRegistry using default registry
59 silly mapToRegistry registry https://registry.npmjs.org/
60 silly mapToRegistry uri https://registry.npmjs.org/nopt
61 silly fetchNamedPackageData findup-sync
62 silly mapToRegistry name findup-sync
63 silly mapToRegistry using default registry
64 silly mapToRegistry registry https://registry.npmjs.org/
65 silly mapToRegistry uri https://registry.npmjs.org/findup-sync
66 silly fetchNamedPackageData resolve
67 silly mapToRegistry name resolve
68 silly mapToRegistry using default registry
69 silly mapToRegistry registry https://registry.npmjs.org/
70 silly mapToRegistry uri https://registry.npmjs.org/resolve
71 verbose request uri https://registry.npmjs.org/findup-sync
72 verbose request no auth needed
73 info attempt registry request try #1 at 11:41:46 AM
74 verbose etag "B6BINNMDZYTJNG3G1M3XL3JKV"
75 http request GET https://registry.npmjs.org/findup-sync
76 verbose request uri https://registry.npmjs.org/resolve
77 verbose request no auth needed
78 info attempt registry request try #1 at 11:41:46 AM
79 verbose etag "47XKTGBC6IGN93GF2ZSYE1SZ0"
80 http request GET https://registry.npmjs.org/resolve
81 verbose request uri https://registry.npmjs.org/nopt
82 verbose request no auth needed
83 info attempt registry request try #1 at 11:41:46 AM
84 verbose etag "3VKU91T28UHBWWTUU2RWNYL88"
85 http request GET https://registry.npmjs.org/nopt
86 http 304 https://registry.npmjs.org/nopt
87 verbose headers { date: 'Fri, 20 Nov 2015 10:41:46 GMT',
87 verbose headers   via: '1.1 varnish',
87 verbose headers   'cache-control': 'max-age=60',
87 verbose headers   etag: '"3VKU91T28UHBWWTUU2RWNYL88"',
87 verbose headers   age: '24',
87 verbose headers   connection: 'keep-alive',
87 verbose headers   'x-served-by': 'cache-fra1237-FRA',
87 verbose headers   'x-cache': 'HIT',
87 verbose headers   'x-cache-hits': '5',
87 verbose headers   'x-timer': 'S1448016106.925886,VS0,VE0',
87 verbose headers   vary: 'Accept' }
88 silly get cb [ 304,
88 silly get   { date: 'Fri, 20 Nov 2015 10:41:46 GMT',
88 silly get     via: '1.1 varnish',
88 silly get     'cache-control': 'max-age=60',
88 silly get     etag: '"3VKU91T28UHBWWTUU2RWNYL88"',
88 silly get     age: '24',
88 silly get     connection: 'keep-alive',
88 silly get     'x-served-by': 'cache-fra1237-FRA',
88 silly get     'x-cache': 'HIT',
88 silly get     'x-cache-hits': '5',
88 silly get     'x-timer': 'S1448016106.925886,VS0,VE0',
88 silly get     vary: 'Accept' } ]
89 verbose etag https://registry.npmjs.org/nopt from cache
90 verbose get saving nopt to /Users/TinyForce/.npm/registry.npmjs.org/nopt/.cache.json
91 http 304 https://registry.npmjs.org/resolve
92 verbose headers { date: 'Fri, 20 Nov 2015 10:41:46 GMT',
92 verbose headers   via: '1.1 varnish',
92 verbose headers   'cache-control': 'max-age=60',
92 verbose headers   etag: '"47XKTGBC6IGN93GF2ZSYE1SZ0"',
92 verbose headers   age: '55',
92 verbose headers   connection: 'keep-alive',
92 verbose headers   'x-served-by': 'cache-fra1244-FRA',
92 verbose headers   'x-cache': 'HIT',
92 verbose headers   'x-cache-hits': '4',
92 verbose headers   'x-timer': 'S1448016106.925955,VS0,VE0',
92 verbose headers   vary: 'Accept' }
93 silly get cb [ 304,
93 silly get   { date: 'Fri, 20 Nov 2015 10:41:46 GMT',
93 silly get     via: '1.1 varnish',
93 silly get     'cache-control': 'max-age=60',
93 silly get     etag: '"47XKTGBC6IGN93GF2ZSYE1SZ0"',
93 silly get     age: '55',
93 silly get     connection: 'keep-alive',
93 silly get     'x-served-by': 'cache-fra1244-FRA',
93 silly get     'x-cache': 'HIT',
93 silly get     'x-cache-hits': '4',
93 silly get     'x-timer': 'S1448016106.925955,VS0,VE0',
93 silly get     vary: 'Accept' } ]
94 verbose etag https://registry.npmjs.org/resolve from cache
95 verbose get saving resolve to /Users/TinyForce/.npm/registry.npmjs.org/resolve/.cache.json
96 http 304 https://registry.npmjs.org/findup-sync
97 verbose headers { date: 'Fri, 20 Nov 2015 10:41:46 GMT',
97 verbose headers   via: '1.1 varnish',
97 verbose headers   'cache-control': 'max-age=60',
97 verbose headers   etag: '"B6BINNMDZYTJNG3G1M3XL3JKV"',
97 verbose headers   age: '5',
97 verbose headers   connection: 'keep-alive',
97 verbose headers   'x-served-by': 'cache-fra1246-FRA',
97 verbose headers   'x-cache': 'HIT',
97 verbose headers   'x-cache-hits': '1',
97 verbose headers   'x-timer': 'S1448016106.926233,VS0,VE0',
97 verbose headers   vary: 'Accept' }
98 silly get cb [ 304,
98 silly get   { date: 'Fri, 20 Nov 2015 10:41:46 GMT',
98 silly get     via: '1.1 varnish',
98 silly get     'cache-control': 'max-age=60',
98 silly get     etag: '"B6BINNMDZYTJNG3G1M3XL3JKV"',
98 silly get     age: '5',
98 silly get     connection: 'keep-alive',
98 silly get     'x-served-by': 'cache-fra1246-FRA',
98 silly get     'x-cache': 'HIT',
98 silly get     'x-cache-hits': '1',
98 silly get     'x-timer': 'S1448016106.926233,VS0,VE0',
98 silly get     vary: 'Accept' } ]
99 verbose etag https://registry.npmjs.org/findup-sync from cache
100 verbose get saving findup-sync to /Users/TinyForce/.npm/registry.npmjs.org/findup-sync/.cache.json
101 silly resolveWithNewModule nopt@1.0.10 checking installable status
102 silly cache add args [ 'nopt@~1.0.10', null ]
103 verbose cache add spec nopt@~1.0.10
104 silly cache add parsed spec Result {
104 silly cache add   raw: 'nopt@~1.0.10',
104 silly cache add   scope: null,
104 silly cache add   name: 'nopt',
104 silly cache add   rawSpec: '~1.0.10',
104 silly cache add   spec: '>=1.0.10 <1.1.0',
104 silly cache add   type: 'range' }
105 silly addNamed nopt@>=1.0.10 <1.1.0
106 verbose addNamed ">=1.0.10 <1.1.0" is a valid semver range for nopt
107 silly addNameRange { name: 'nopt', range: '>=1.0.10 <1.1.0', hasData: false }
108 silly mapToRegistry name nopt
109 silly mapToRegistry using default registry
110 silly mapToRegistry registry https://registry.npmjs.org/
111 silly mapToRegistry uri https://registry.npmjs.org/nopt
112 verbose addNameRange registry:https://registry.npmjs.org/nopt not in flight; fetching
113 silly resolveWithNewModule findup-sync@0.1.3 checking installable status
114 silly cache add args [ 'findup-sync@~0.1.0', null ]
115 verbose cache add spec findup-sync@~0.1.0
116 silly cache add parsed spec Result {
116 silly cache add   raw: 'findup-sync@~0.1.0',
116 silly cache add   scope: null,
116 silly cache add   name: 'findup-sync',
116 silly cache add   rawSpec: '~0.1.0',
116 silly cache add   spec: '>=0.1.0 <0.2.0',
116 silly cache add   type: 'range' }
117 silly addNamed findup-sync@>=0.1.0 <0.2.0
118 verbose addNamed ">=0.1.0 <0.2.0" is a valid semver range for findup-sync
119 silly addNameRange { name: 'findup-sync', range: '>=0.1.0 <0.2.0', hasData: false }
120 silly mapToRegistry name findup-sync
121 silly mapToRegistry using default registry
122 silly mapToRegistry registry https://registry.npmjs.org/
123 silly mapToRegistry uri https://registry.npmjs.org/findup-sync
124 verbose addNameRange registry:https://registry.npmjs.org/findup-sync not in flight; fetching
125 silly resolveWithNewModule resolve@0.3.1 checking installable status
126 silly cache add args [ 'resolve@~0.3.1', null ]
127 verbose cache add spec resolve@~0.3.1
128 silly cache add parsed spec Result {
128 silly cache add   raw: 'resolve@~0.3.1',
128 silly cache add   scope: null,
128 silly cache add   name: 'resolve',
128 silly cache add   rawSpec: '~0.3.1',
128 silly cache add   spec: '>=0.3.1 <0.4.0',
128 silly cache add   type: 'range' }
129 silly addNamed resolve@>=0.3.1 <0.4.0
130 verbose addNamed ">=0.3.1 <0.4.0" is a valid semver range for resolve
131 silly addNameRange { name: 'resolve', range: '>=0.3.1 <0.4.0', hasData: false }
132 silly mapToRegistry name resolve
133 silly mapToRegistry using default registry
134 silly mapToRegistry registry https://registry.npmjs.org/
135 silly mapToRegistry uri https://registry.npmjs.org/resolve
136 verbose addNameRange registry:https://registry.npmjs.org/resolve not in flight; fetching
137 verbose get https://registry.npmjs.org/nopt not expired, no request
138 silly addNameRange number 2 { name: 'nopt', range: '>=1.0.10 <1.1.0', hasData: true }
139 silly addNameRange versions [ 'nopt',
139 silly addNameRange   [ '1.0.0',
139 silly addNameRange     '1.0.1',
139 silly addNameRange     '1.0.2',
139 silly addNameRange     '1.0.3',
139 silly addNameRange     '1.0.4',
139 silly addNameRange     '1.0.5',
139 silly addNameRange     '1.0.6',
139 silly addNameRange     '1.0.7',
139 silly addNameRange     '1.0.8',
139 silly addNameRange     '1.0.9',
139 silly addNameRange     '1.0.10',
139 silly addNameRange     '2.0.0',
139 silly addNameRange     '2.1.0',
139 silly addNameRange     '2.1.1',
139 silly addNameRange     '2.1.2',
139 silly addNameRange     '2.2.0',
139 silly addNameRange     '2.2.1',
139 silly addNameRange     '3.0.0',
139 silly addNameRange     '3.0.1',
139 silly addNameRange     '3.0.2',
139 silly addNameRange     '3.0.3',
139 silly addNameRange     '3.0.4',
139 silly addNameRange     '3.0.5',
139 silly addNameRange     '3.0.6' ] ]
140 silly addNamed nopt@1.0.10
141 verbose addNamed "1.0.10" is a plain semver version for nopt
142 verbose get https://registry.npmjs.org/findup-sync not expired, no request
143 silly addNameRange number 2 { name: 'findup-sync', range: '>=0.1.0 <0.2.0', hasData: true }
144 silly addNameRange versions [ 'findup-sync',
144 silly addNameRange   [ '0.1.0', '0.1.1', '0.1.2', '0.1.3', '0.2.0', '0.2.1', '0.3.0' ] ]
145 silly addNamed findup-sync@0.1.3
146 verbose addNamed "0.1.3" is a plain semver version for findup-sync
147 verbose get https://registry.npmjs.org/resolve not expired, no request
148 silly addNameRange number 2 { name: 'resolve', range: '>=0.3.1 <0.4.0', hasData: true }
149 silly addNameRange versions [ 'resolve',
149 silly addNameRange   [ '0.0.0',
149 silly addNameRange     '0.0.1',
149 silly addNameRange     '0.0.2',
149 silly addNameRange     '0.0.3',
149 silly addNameRange     '0.0.4',
149 silly addNameRange     '0.1.0',
149 silly addNameRange     '0.1.2',
149 silly addNameRange     '0.1.3',
149 silly addNameRange     '0.2.0',
149 silly addNameRange     '0.2.1',
149 silly addNameRange     '0.2.2',
149 silly addNameRange     '0.2.3',
149 silly addNameRange     '0.2.4',
149 silly addNameRange     '0.2.5',
149 silly addNameRange     '0.2.6',
149 silly addNameRange     '0.2.7',
149 silly addNameRange     '0.2.8',
149 silly addNameRange     '0.3.0',
149 silly addNameRange     '0.3.1',
149 silly addNameRange     '0.4.0',
149 silly addNameRange     '0.4.1',
149 silly addNameRange     '0.4.2',
149 silly addNameRange     '0.4.3',
149 silly addNameRange     '0.5.0',
149 silly addNameRange     '0.5.1',
149 silly addNameRange     '0.6.0',
149 silly addNameRange     '0.6.1',
149 silly addNameRange     '0.6.2',
149 silly addNameRange     '0.6.3',
149 silly addNameRange     '0.7.0',
149 silly addNameRange     '0.7.1',
149 silly addNameRange     '0.7.2',
149 silly addNameRange     '0.7.3',
149 silly addNameRange     '0.7.4',
149 silly addNameRange     '1.0.0',
149 silly addNameRange     '1.1.0',
149 silly addNameRange     '1.1.2',
149 silly addNameRange     '1.1.3',
149 silly addNameRange     '1.1.4',
149 silly addNameRange     '1.1.5',
149 silly addNameRange     '1.1.6' ] ]
150 silly addNamed resolve@0.3.1
151 verbose addNamed "0.3.1" is a plain semver version for resolve
152 silly cache afterAdd resolve@0.3.1
153 verbose afterAdd /Users/TinyForce/.npm/resolve/0.3.1/package/package.json not in flight; writing
154 silly cache afterAdd findup-sync@0.1.3
155 verbose afterAdd /Users/TinyForce/.npm/findup-sync/0.1.3/package/package.json not in flight; writing
156 silly cache afterAdd nopt@1.0.10
157 verbose afterAdd /Users/TinyForce/.npm/nopt/1.0.10/package/package.json not in flight; writing
158 verbose afterAdd /Users/TinyForce/.npm/resolve/0.3.1/package/package.json written
159 verbose afterAdd /Users/TinyForce/.npm/nopt/1.0.10/package/package.json written
160 verbose afterAdd /Users/TinyForce/.npm/findup-sync/0.1.3/package/package.json written
161 silly fetchNamedPackageData glob
162 silly mapToRegistry name glob
163 silly mapToRegistry using default registry
164 silly mapToRegistry registry https://registry.npmjs.org/
165 silly mapToRegistry uri https://registry.npmjs.org/glob
166 silly fetchNamedPackageData lodash
167 silly mapToRegistry name lodash
168 silly mapToRegistry using default registry
169 silly mapToRegistry registry https://registry.npmjs.org/
170 silly mapToRegistry uri https://registry.npmjs.org/lodash
171 verbose request uri https://registry.npmjs.org/glob
172 verbose request no auth needed
173 info attempt registry request try #1 at 11:41:47 AM
174 verbose etag "EKS9REXHLRUFX5XZYX3CWQW4F"
175 http request GET https://registry.npmjs.org/glob
176 verbose request uri https://registry.npmjs.org/lodash
177 verbose request no auth needed
178 info attempt registry request try #1 at 11:41:47 AM
179 verbose etag "6X9CC687HMLNTE84ZI37GWV2M"
180 http request GET https://registry.npmjs.org/lodash
181 http 304 https://registry.npmjs.org/lodash
182 verbose headers { date: 'Fri, 20 Nov 2015 10:41:47 GMT',
182 verbose headers   via: '1.1 varnish',
182 verbose headers   'cache-control': 'max-age=60',
182 verbose headers   etag: '"6X9CC687HMLNTE84ZI37GWV2M"',
182 verbose headers   age: '4',
182 verbose headers   connection: 'keep-alive',
182 verbose headers   'x-served-by': 'cache-fra1239-FRA',
182 verbose headers   'x-cache': 'HIT',
182 verbose headers   'x-cache-hits': '2',
182 verbose headers   'x-timer': 'S1448016107.193565,VS0,VE0',
182 verbose headers   vary: 'Accept' }
183 silly get cb [ 304,
183 silly get   { date: 'Fri, 20 Nov 2015 10:41:47 GMT',
183 silly get     via: '1.1 varnish',
183 silly get     'cache-control': 'max-age=60',
183 silly get     etag: '"6X9CC687HMLNTE84ZI37GWV2M"',
183 silly get     age: '4',
183 silly get     connection: 'keep-alive',
183 silly get     'x-served-by': 'cache-fra1239-FRA',
183 silly get     'x-cache': 'HIT',
183 silly get     'x-cache-hits': '2',
183 silly get     'x-timer': 'S1448016107.193565,VS0,VE0',
183 silly get     vary: 'Accept' } ]
184 verbose etag https://registry.npmjs.org/lodash from cache
185 verbose get saving lodash to /Users/TinyForce/.npm/registry.npmjs.org/lodash/.cache.json
186 http 304 https://registry.npmjs.org/glob
187 verbose headers { date: 'Fri, 20 Nov 2015 10:41:47 GMT',
187 verbose headers   via: '1.1 varnish',
187 verbose headers   'cache-control': 'max-age=60',
187 verbose headers   etag: '"EKS9REXHLRUFX5XZYX3CWQW4F"',
187 verbose headers   age: '35',
187 verbose headers   connection: 'keep-alive',
187 verbose headers   'x-served-by': 'cache-fra1221-FRA',
187 verbose headers   'x-cache': 'HIT',
187 verbose headers   'x-cache-hits': '1159',
187 verbose headers   'x-timer': 'S1448016107.193804,VS0,VE0',
187 verbose headers   vary: 'Accept' }
188 silly get cb [ 304,
188 silly get   { date: 'Fri, 20 Nov 2015 10:41:47 GMT',
188 silly get     via: '1.1 varnish',
188 silly get     'cache-control': 'max-age=60',
188 silly get     etag: '"EKS9REXHLRUFX5XZYX3CWQW4F"',
188 silly get     age: '35',
188 silly get     connection: 'keep-alive',
188 silly get     'x-served-by': 'cache-fra1221-FRA',
188 silly get     'x-cache': 'HIT',
188 silly get     'x-cache-hits': '1159',
188 silly get     'x-timer': 'S1448016107.193804,VS0,VE0',
188 silly get     vary: 'Accept' } ]
189 verbose etag https://registry.npmjs.org/glob from cache
190 verbose get saving glob to /Users/TinyForce/.npm/registry.npmjs.org/glob/.cache.json
191 silly resolveWithNewModule glob@3.2.11 checking installable status
192 silly cache add args [ 'glob@~3.2.9', null ]
193 verbose cache add spec glob@~3.2.9
194 silly cache add parsed spec Result {
194 silly cache add   raw: 'glob@~3.2.9',
194 silly cache add   scope: null,
194 silly cache add   name: 'glob',
194 silly cache add   rawSpec: '~3.2.9',
194 silly cache add   spec: '>=3.2.9 <3.3.0',
194 silly cache add   type: 'range' }
195 silly addNamed glob@>=3.2.9 <3.3.0
196 verbose addNamed ">=3.2.9 <3.3.0" is a valid semver range for glob
197 silly addNameRange { name: 'glob', range: '>=3.2.9 <3.3.0', hasData: false }
198 silly mapToRegistry name glob
199 silly mapToRegistry using default registry
200 silly mapToRegistry registry https://registry.npmjs.org/
201 silly mapToRegistry uri https://registry.npmjs.org/glob
202 verbose addNameRange registry:https://registry.npmjs.org/glob not in flight; fetching
203 silly resolveWithNewModule lodash@2.4.2 checking installable status
204 silly cache add args [ 'lodash@~2.4.1', null ]
205 verbose cache add spec lodash@~2.4.1
206 silly cache add parsed spec Result {
206 silly cache add   raw: 'lodash@~2.4.1',
206 silly cache add   scope: null,
206 silly cache add   name: 'lodash',
206 silly cache add   rawSpec: '~2.4.1',
206 silly cache add   spec: '>=2.4.1 <2.5.0',
206 silly cache add   type: 'range' }
207 silly addNamed lodash@>=2.4.1 <2.5.0
208 verbose addNamed ">=2.4.1 <2.5.0" is a valid semver range for lodash
209 silly addNameRange { name: 'lodash', range: '>=2.4.1 <2.5.0', hasData: false }
210 silly mapToRegistry name lodash
211 silly mapToRegistry using default registry
212 silly mapToRegistry registry https://registry.npmjs.org/
213 silly mapToRegistry uri https://registry.npmjs.org/lodash
214 verbose addNameRange registry:https://registry.npmjs.org/lodash not in flight; fetching
215 verbose get https://registry.npmjs.org/glob not expired, no request
216 silly addNameRange number 2 { name: 'glob', range: '>=3.2.9 <3.3.0', hasData: true }
217 silly addNameRange versions [ 'glob',
217 silly addNameRange   [ '1.1.0',
217 silly addNameRange     '2.0.9',
217 silly addNameRange     '2.0.8',
217 silly addNameRange     '2.0.7',
217 silly addNameRange     '2.1.0',
217 silly addNameRange     '3.0.0',
217 silly addNameRange     '3.0.1',
217 silly addNameRange     '3.1.0',
217 silly addNameRange     '3.1.1',
217 silly addNameRange     '3.1.2',
217 silly addNameRange     '3.1.3',
217 silly addNameRange     '3.1.4',
217 silly addNameRange     '3.1.5',
217 silly addNameRange     '3.1.6',
217 silly addNameRange     '3.1.7',
217 silly addNameRange     '3.1.9',
217 silly addNameRange     '3.1.10',
217 silly addNameRange     '3.1.11',
217 silly addNameRange     '3.1.12',
217 silly addNameRange     '3.1.13',
217 silly addNameRange     '3.1.14',
217 silly addNameRange     '3.1.15',
217 silly addNameRange     '3.1.16',
217 silly addNameRange     '3.1.17',
217 silly addNameRange     '3.1.18',
217 silly addNameRange     '3.1.19',
217 silly addNameRange     '3.1.20',
217 silly addNameRange     '3.1.21',
217 silly addNameRange     '3.2.0',
217 silly addNameRange     '3.2.1',
217 silly addNameRange     '3.2.3',
217 silly addNameRange     '3.2.4',
217 silly addNameRange     '3.2.5',
217 silly addNameRange     '3.2.6',
217 silly addNameRange     '3.2.7',
217 silly addNameRange     '3.2.8',
217 silly addNameRange     '3.2.9',
217 silly addNameRange     '3.2.10',
217 silly addNameRange     '3.2.11',
217 silly addNameRange     '4.0.0',
217 silly addNameRange     '4.0.1',
217 silly addNameRange     '4.0.2',
217 silly addNameRange     '4.0.3',
217 silly addNameRange     '4.0.4',
217 silly addNameRange     '4.0.5',
217 silly addNameRange     '4.0.6',
217 silly addNameRange     '4.1.2-beta',
217 silly addNameRange     '4.1.2',
217 silly addNameRange     '4.1.3',
217 silly addNameRange     '4.1.4',
217 silly addNameRange     '4.1.5',
217 silly addNameRange     '4.1.6',
217 silly addNameRange     '4.2.0',
217 silly addNameRange     '4.2.1',
217 silly addNameRange     '4.2.2',
217 silly addNameRange     '4.3.0',
217 silly addNameRange     '4.3.1',
217 silly addNameRange     '4.3.2',
217 silly addNameRange     '4.3.3',
217 silly addNameRange     '4.3.4',
217 silly addNameRange     '4.3.5',
217 silly addNameRange     '4.4.0',
217 silly addNameRange     '4.4.2',
217 silly addNameRange     '4.5.0',
217 silly addNameRange     '5.0.0',
217 silly addNameRange     '4.5.1',
217 silly addNameRange     '5.0.1',
217 silly addNameRange     '4.5.2',
217 silly addNameRange     '5.0.2',
217 silly addNameRange     '4.5.3',
217 silly addNameRange     '5.0.3',
217 silly addNameRange     '5.0.4',
217 silly addNameRange     '5.0.5',
217 silly addNameRange     '5.0.6',
217 silly addNameRange     '5.0.7',
217 silly addNameRange     '5.0.9',
217 silly addNameRange     '5.0.10',
217 silly addNameRange     '5.0.11',
217 silly addNameRange     '5.0.12',
217 silly addNameRange     '5.0.13',
217 silly addNameRange     '5.0.14',
217 silly addNameRange     '5.0.15',
217 silly addNameRange     '6.0.1' ] ]
218 silly addNamed glob@3.2.11
219 verbose addNamed "3.2.11" is a plain semver version for glob
220 verbose get https://registry.npmjs.org/lodash not expired, no request
221 silly addNameRange number 2 { name: 'lodash', range: '>=2.4.1 <2.5.0', hasData: true }
222 silly addNameRange versions [ 'lodash',
222 silly addNameRange   [ '0.1.0',
222 silly addNameRange     '0.2.0',
222 silly addNameRange     '0.2.1',
222 silly addNameRange     '0.2.2',
222 silly addNameRange     '0.3.0',
222 silly addNameRange     '0.3.1',
222 silly addNameRange     '0.3.2',
222 silly addNameRange     '0.4.0',
222 silly addNameRange     '0.4.1',
222 silly addNameRange     '0.4.2',
222 silly addNameRange     '0.5.0-rc.1',
222 silly addNameRange     '0.5.0',
222 silly addNameRange     '0.5.1',
222 silly addNameRange     '0.5.2',
222 silly addNameRange     '0.6.0',
222 silly addNameRange     '0.6.1',
222 silly addNameRange     '0.7.0',
222 silly addNameRange     '0.8.0',
222 silly addNameRange     '0.8.1',
222 silly addNameRange     '0.8.2',
222 silly addNameRange     '0.9.0',
222 silly addNameRange     '0.9.1',
222 silly addNameRange     '0.9.2',
222 silly addNameRange     '0.10.0',
222 silly addNameRange     '1.0.0-rc.1',
222 silly addNameRange     '1.0.0-rc.2',
222 silly addNameRange     '1.0.0-rc.3',
222 silly addNameRange     '1.0.0',
222 silly addNameRange     '1.0.1',
222 silly addNameRange     '1.1.0',
222 silly addNameRange     '1.1.1',
222 silly addNameRange     '1.2.0',
222 silly addNameRange     '1.2.1',
222 silly addNameRange     '1.3.0',
222 silly addNameRange     '1.3.1',
222 silly addNameRange     '2.0.0',
222 silly addNameRange     '2.1.0',
222 silly addNameRange     '2.2.0',
222 silly addNameRange     '2.2.1',
222 silly addNameRange     '2.3.0',
222 silly addNameRange     '2.4.0',
222 silly addNameRange     '2.4.1',
222 silly addNameRange     '3.0.0',
222 silly addNameRange     '3.0.1',
222 silly addNameRange     '3.1.0',
222 silly addNameRange     '3.2.0',
222 silly addNameRange     '3.3.0',
222 silly addNameRange     '3.3.1',
222 silly addNameRange     '3.4.0',
222 silly addNameRange     '3.5.0',
222 silly addNameRange     '3.6.0',
222 silly addNameRange     '1.0.2',
222 silly addNameRange     '3.7.0',
222 silly addNameRange     '2.4.2',
222 silly addNameRange     '3.8.0',
222 silly addNameRange     '3.9.0',
222 silly addNameRange     '3.9.1',
222 silly addNameRange     '3.9.2',
222 silly addNameRange     '3.9.3',
222 silly addNameRange     '3.10.0',
222 silly addNameRange     '3.10.1' ] ]
223 silly addNamed lodash@2.4.2
224 verbose addNamed "2.4.2" is a plain semver version for lodash
225 silly cache afterAdd lodash@2.4.2
226 verbose afterAdd /Users/TinyForce/.npm/lodash/2.4.2/package/package.json not in flight; writing
227 silly cache afterAdd glob@3.2.11
228 verbose afterAdd /Users/TinyForce/.npm/glob/3.2.11/package/package.json not in flight; writing
229 verbose afterAdd /Users/TinyForce/.npm/lodash/2.4.2/package/package.json written
230 verbose afterAdd /Users/TinyForce/.npm/glob/3.2.11/package/package.json written
231 silly fetchNamedPackageData inherits
232 silly mapToRegistry name inherits
233 silly mapToRegistry using default registry
234 silly mapToRegistry registry https://registry.npmjs.org/
235 silly mapToRegistry uri https://registry.npmjs.org/inherits
236 silly fetchNamedPackageData minimatch
237 silly mapToRegistry name minimatch
238 silly mapToRegistry using default registry
239 silly mapToRegistry registry https://registry.npmjs.org/
240 silly mapToRegistry uri https://registry.npmjs.org/minimatch
241 verbose request uri https://registry.npmjs.org/inherits
242 verbose request no auth needed
243 info attempt registry request try #1 at 11:41:47 AM
244 verbose etag "83S1U6S25IVR6LLBMEY64SYT2"
245 http request GET https://registry.npmjs.org/inherits
246 verbose request uri https://registry.npmjs.org/minimatch
247 verbose request no auth needed
248 info attempt registry request try #1 at 11:41:47 AM
249 verbose etag "88JGF09JGHX2ZDOYARXHFCDT7"
250 http request GET https://registry.npmjs.org/minimatch
251 http 304 https://registry.npmjs.org/inherits
252 verbose headers { date: 'Fri, 20 Nov 2015 10:41:47 GMT',
252 verbose headers   via: '1.1 varnish',
252 verbose headers   'cache-control': 'max-age=60',
252 verbose headers   etag: '"83S1U6S25IVR6LLBMEY64SYT2"',
252 verbose headers   age: '34',
252 verbose headers   connection: 'keep-alive',
252 verbose headers   'x-served-by': 'cache-fra1231-FRA',
252 verbose headers   'x-cache': 'HIT',
252 verbose headers   'x-cache-hits': '7',
252 verbose headers   'x-timer': 'S1448016107.492922,VS0,VE0',
252 verbose headers   vary: 'Accept' }
253 silly get cb [ 304,
253 silly get   { date: 'Fri, 20 Nov 2015 10:41:47 GMT',
253 silly get     via: '1.1 varnish',
253 silly get     'cache-control': 'max-age=60',
253 silly get     etag: '"83S1U6S25IVR6LLBMEY64SYT2"',
253 silly get     age: '34',
253 silly get     connection: 'keep-alive',
253 silly get     'x-served-by': 'cache-fra1231-FRA',
253 silly get     'x-cache': 'HIT',
253 silly get     'x-cache-hits': '7',
253 silly get     'x-timer': 'S1448016107.492922,VS0,VE0',
253 silly get     vary: 'Accept' } ]
254 verbose etag https://registry.npmjs.org/inherits from cache
255 verbose get saving inherits to /Users/TinyForce/.npm/registry.npmjs.org/inherits/.cache.json
256 http 304 https://registry.npmjs.org/minimatch
257 verbose headers { date: 'Fri, 20 Nov 2015 10:41:47 GMT',
257 verbose headers   via: '1.1 varnish',
257 verbose headers   'cache-control': 'max-age=60',
257 verbose headers   etag: '"88JGF09JGHX2ZDOYARXHFCDT7"',
257 verbose headers   age: '43',
257 verbose headers   connection: 'keep-alive',
257 verbose headers   'x-served-by': 'cache-fra1226-FRA',
257 verbose headers   'x-cache': 'HIT',
257 verbose headers   'x-cache-hits': '12',
257 verbose headers   'x-timer': 'S1448016107.493151,VS0,VE0',
257 verbose headers   vary: 'Accept' }
258 silly get cb [ 304,
258 silly get   { date: 'Fri, 20 Nov 2015 10:41:47 GMT',
258 silly get     via: '1.1 varnish',
258 silly get     'cache-control': 'max-age=60',
258 silly get     etag: '"88JGF09JGHX2ZDOYARXHFCDT7"',
258 silly get     age: '43',
258 silly get     connection: 'keep-alive',
258 silly get     'x-served-by': 'cache-fra1226-FRA',
258 silly get     'x-cache': 'HIT',
258 silly get     'x-cache-hits': '12',
258 silly get     'x-timer': 'S1448016107.493151,VS0,VE0',
258 silly get     vary: 'Accept' } ]
259 verbose etag https://registry.npmjs.org/minimatch from cache
260 verbose get saving minimatch to /Users/TinyForce/.npm/registry.npmjs.org/minimatch/.cache.json
261 silly resolveWithNewModule inherits@2.0.1 checking installable status
262 silly cache add args [ 'inherits@2', null ]
263 verbose cache add spec inherits@2
264 silly cache add parsed spec Result {
264 silly cache add   raw: 'inherits@2',
264 silly cache add   scope: null,
264 silly cache add   name: 'inherits',
264 silly cache add   rawSpec: '2',
264 silly cache add   spec: '>=2.0.0 <3.0.0',
264 silly cache add   type: 'range' }
265 silly addNamed inherits@>=2.0.0 <3.0.0
266 verbose addNamed ">=2.0.0 <3.0.0" is a valid semver range for inherits
267 silly addNameRange { name: 'inherits', range: '>=2.0.0 <3.0.0', hasData: false }
268 silly mapToRegistry name inherits
269 silly mapToRegistry using default registry
270 silly mapToRegistry registry https://registry.npmjs.org/
271 silly mapToRegistry uri https://registry.npmjs.org/inherits
272 verbose addNameRange registry:https://registry.npmjs.org/inherits not in flight; fetching
273 verbose get https://registry.npmjs.org/inherits not expired, no request
274 silly addNameRange number 2 { name: 'inherits', range: '>=2.0.0 <3.0.0', hasData: true }
275 silly addNameRange versions [ 'inherits', [ '1.0.0', '2.0.0', '2.0.1', '1.0.1', '1.0.2' ] ]
276 silly addNamed inherits@2.0.1
277 verbose addNamed "2.0.1" is a plain semver version for inherits
278 silly resolveWithNewModule minimatch@0.3.0 checking installable status
279 silly cache add args [ 'minimatch@0.3', null ]
280 verbose cache add spec minimatch@0.3
281 silly cache add parsed spec Result {
281 silly cache add   raw: 'minimatch@0.3',
281 silly cache add   scope: null,
281 silly cache add   name: 'minimatch',
281 silly cache add   rawSpec: '0.3',
281 silly cache add   spec: '>=0.3.0 <0.4.0',
281 silly cache add   type: 'range' }
282 silly addNamed minimatch@>=0.3.0 <0.4.0
283 verbose addNamed ">=0.3.0 <0.4.0" is a valid semver range for minimatch
284 silly addNameRange { name: 'minimatch', range: '>=0.3.0 <0.4.0', hasData: false }
285 silly mapToRegistry name minimatch
286 silly mapToRegistry using default registry
287 silly mapToRegistry registry https://registry.npmjs.org/
288 silly mapToRegistry uri https://registry.npmjs.org/minimatch
289 verbose addNameRange registry:https://registry.npmjs.org/minimatch not in flight; fetching
290 silly cache afterAdd inherits@2.0.1
291 verbose afterAdd /Users/TinyForce/.npm/inherits/2.0.1/package/package.json not in flight; writing
292 verbose get https://registry.npmjs.org/minimatch not expired, no request
293 silly addNameRange number 2 { name: 'minimatch', range: '>=0.3.0 <0.4.0', hasData: true }
294 silly addNameRange versions [ 'minimatch',
294 silly addNameRange   [ '0.0.1',
294 silly addNameRange     '0.0.2',
294 silly addNameRange     '0.0.4',
294 silly addNameRange     '0.0.5',
294 silly addNameRange     '0.1.1',
294 silly addNameRange     '0.1.2',
294 silly addNameRange     '0.1.3',
294 silly addNameRange     '0.1.4',
294 silly addNameRange     '0.1.5',
294 silly addNameRange     '0.2.0',
294 silly addNameRange     '0.2.2',
294 silly addNameRange     '0.2.3',
294 silly addNameRange     '0.2.4',
294 silly addNameRange     '0.2.5',
294 silly addNameRange     '0.2.6',
294 silly addNameRange     '0.2.7',
294 silly addNameRange     '0.2.8',
294 silly addNameRange     '0.2.9',
294 silly addNameRange     '0.2.10',
294 silly addNameRange     '0.2.11',
294 silly addNameRange     '0.2.12',
294 silly addNameRange     '0.2.13',
294 silly addNameRange     '0.2.14',
294 silly addNameRange     '0.3.0',
294 silly addNameRange     '0.4.0',
294 silly addNameRange     '1.0.0',
294 silly addNameRange     '2.0.0',
294 silly addNameRange     '2.0.1',
294 silly addNameRange     '2.0.2',
294 silly addNameRange     '2.0.3',
294 silly addNameRange     '2.0.4',
294 silly addNameRange     '2.0.5',
294 silly addNameRange     '2.0.6',
294 silly addNameRange     '2.0.7',
294 silly addNameRange     '2.0.8',
294 silly addNameRange     '2.0.9',
294 silly addNameRange     '2.0.10',
294 silly addNameRange     '3.0.0' ] ]
295 silly addNamed minimatch@0.3.0
296 verbose addNamed "0.3.0" is a plain semver version for minimatch
297 verbose afterAdd /Users/TinyForce/.npm/inherits/2.0.1/package/package.json written
298 silly cache afterAdd minimatch@0.3.0
299 verbose afterAdd /Users/TinyForce/.npm/minimatch/0.3.0/package/package.json not in flight; writing
300 verbose afterAdd /Users/TinyForce/.npm/minimatch/0.3.0/package/package.json written
301 silly fetchNamedPackageData lru-cache
302 silly mapToRegistry name lru-cache
303 silly mapToRegistry using default registry
304 silly mapToRegistry registry https://registry.npmjs.org/
305 silly mapToRegistry uri https://registry.npmjs.org/lru-cache
306 silly fetchNamedPackageData sigmund
307 silly mapToRegistry name sigmund
308 silly mapToRegistry using default registry
309 silly mapToRegistry registry https://registry.npmjs.org/
310 silly mapToRegistry uri https://registry.npmjs.org/sigmund
311 verbose request uri https://registry.npmjs.org/sigmund
312 verbose request no auth needed
313 info attempt registry request try #1 at 11:41:47 AM
314 verbose etag "1TUX00X8YEKNFED6GGWS214S3"
315 http request GET https://registry.npmjs.org/sigmund
316 verbose request uri https://registry.npmjs.org/lru-cache
317 verbose request no auth needed
318 info attempt registry request try #1 at 11:41:47 AM
319 verbose etag "AICRO7RJFRGQUEYLHZ0D331W0"
320 http request GET https://registry.npmjs.org/lru-cache
321 http 304 https://registry.npmjs.org/lru-cache
322 verbose headers { date: 'Fri, 20 Nov 2015 10:41:47 GMT',
322 verbose headers   via: '1.1 varnish',
322 verbose headers   'cache-control': 'max-age=60',
322 verbose headers   etag: '"AICRO7RJFRGQUEYLHZ0D331W0"',
322 verbose headers   age: '19',
322 verbose headers   connection: 'keep-alive',
322 verbose headers   'x-served-by': 'cache-fra1241-FRA',
322 verbose headers   'x-cache': 'HIT',
322 verbose headers   'x-cache-hits': '3',
322 verbose headers   'x-timer': 'S1448016107.620801,VS0,VE0',
322 verbose headers   vary: 'Accept' }
323 silly get cb [ 304,
323 silly get   { date: 'Fri, 20 Nov 2015 10:41:47 GMT',
323 silly get     via: '1.1 varnish',
323 silly get     'cache-control': 'max-age=60',
323 silly get     etag: '"AICRO7RJFRGQUEYLHZ0D331W0"',
323 silly get     age: '19',
323 silly get     connection: 'keep-alive',
323 silly get     'x-served-by': 'cache-fra1241-FRA',
323 silly get     'x-cache': 'HIT',
323 silly get     'x-cache-hits': '3',
323 silly get     'x-timer': 'S1448016107.620801,VS0,VE0',
323 silly get     vary: 'Accept' } ]
324 verbose etag https://registry.npmjs.org/lru-cache from cache
325 verbose get saving lru-cache to /Users/TinyForce/.npm/registry.npmjs.org/lru-cache/.cache.json
326 http 304 https://registry.npmjs.org/sigmund
327 verbose headers { date: 'Fri, 20 Nov 2015 10:41:47 GMT',
327 verbose headers   via: '1.1 varnish',
327 verbose headers   'cache-control': 'max-age=60',
327 verbose headers   etag: '"1TUX00X8YEKNFED6GGWS214S3"',
327 verbose headers   age: '19',
327 verbose headers   connection: 'keep-alive',
327 verbose headers   'x-served-by': 'cache-fra1225-FRA',
327 verbose headers   'x-cache': 'HIT',
327 verbose headers   'x-cache-hits': '2',
327 verbose headers   'x-timer': 'S1448016107.622155,VS0,VE0',
327 verbose headers   vary: 'Accept' }
328 silly get cb [ 304,
328 silly get   { date: 'Fri, 20 Nov 2015 10:41:47 GMT',
328 silly get     via: '1.1 varnish',
328 silly get     'cache-control': 'max-age=60',
328 silly get     etag: '"1TUX00X8YEKNFED6GGWS214S3"',
328 silly get     age: '19',
328 silly get     connection: 'keep-alive',
328 silly get     'x-served-by': 'cache-fra1225-FRA',
328 silly get     'x-cache': 'HIT',
328 silly get     'x-cache-hits': '2',
328 silly get     'x-timer': 'S1448016107.622155,VS0,VE0',
328 silly get     vary: 'Accept' } ]
329 verbose etag https://registry.npmjs.org/sigmund from cache
330 verbose get saving sigmund to /Users/TinyForce/.npm/registry.npmjs.org/sigmund/.cache.json
331 silly resolveWithNewModule lru-cache@2.7.0 checking installable status
332 silly cache add args [ 'lru-cache@2', null ]
333 verbose cache add spec lru-cache@2
334 silly cache add parsed spec Result {
334 silly cache add   raw: 'lru-cache@2',
334 silly cache add   scope: null,
334 silly cache add   name: 'lru-cache',
334 silly cache add   rawSpec: '2',
334 silly cache add   spec: '>=2.0.0 <3.0.0',
334 silly cache add   type: 'range' }
335 silly addNamed lru-cache@>=2.0.0 <3.0.0
336 verbose addNamed ">=2.0.0 <3.0.0" is a valid semver range for lru-cache
337 silly addNameRange { name: 'lru-cache', range: '>=2.0.0 <3.0.0', hasData: false }
338 silly mapToRegistry name lru-cache
339 silly mapToRegistry using default registry
340 silly mapToRegistry registry https://registry.npmjs.org/
341 silly mapToRegistry uri https://registry.npmjs.org/lru-cache
342 verbose addNameRange registry:https://registry.npmjs.org/lru-cache not in flight; fetching
343 silly resolveWithNewModule sigmund@1.0.1 checking installable status
344 silly cache add args [ 'sigmund@~1.0.0', null ]
345 verbose cache add spec sigmund@~1.0.0
346 silly cache add parsed spec Result {
346 silly cache add   raw: 'sigmund@~1.0.0',
346 silly cache add   scope: null,
346 silly cache add   name: 'sigmund',
346 silly cache add   rawSpec: '~1.0.0',
346 silly cache add   spec: '>=1.0.0 <1.1.0',
346 silly cache add   type: 'range' }
347 silly addNamed sigmund@>=1.0.0 <1.1.0
348 verbose addNamed ">=1.0.0 <1.1.0" is a valid semver range for sigmund
349 silly addNameRange { name: 'sigmund', range: '>=1.0.0 <1.1.0', hasData: false }
350 silly mapToRegistry name sigmund
351 silly mapToRegistry using default registry
352 silly mapToRegistry registry https://registry.npmjs.org/
353 silly mapToRegistry uri https://registry.npmjs.org/sigmund
354 verbose addNameRange registry:https://registry.npmjs.org/sigmund not in flight; fetching
355 verbose get https://registry.npmjs.org/lru-cache not expired, no request
356 silly addNameRange number 2 { name: 'lru-cache', range: '>=2.0.0 <3.0.0', hasData: true }
357 silly addNameRange versions [ 'lru-cache',
357 silly addNameRange   [ '1.0.1',
357 silly addNameRange     '1.0.2',
357 silly addNameRange     '1.0.3',
357 silly addNameRange     '1.0.4',
357 silly addNameRange     '1.0.5',
357 silly addNameRange     '1.0.6',
357 silly addNameRange     '1.1.0',
357 silly addNameRange     '1.1.1',
357 silly addNameRange     '2.0.0',
357 silly addNameRange     '2.0.1',
357 silly addNameRange     '2.0.2',
357 silly addNameRange     '2.0.3',
357 silly addNameRange     '2.0.4',
357 silly addNameRange     '2.1.0',
357 silly addNameRange     '2.2.0',
357 silly addNameRange     '2.2.1',
357 silly addNameRange     '2.2.2',
357 silly addNameRange     '2.2.4',
357 silly addNameRange     '2.3.0',
357 silly addNameRange     '2.3.1',
357 silly addNameRange     '2.5.0',
357 silly addNameRange     '2.5.1',
357 silly addNameRange     '2.5.2',
357 silly addNameRange     '2.6.0',
357 silly addNameRange     '2.6.1',
357 silly addNameRange     '2.6.2',
357 silly addNameRange     '2.6.3',
357 silly addNameRange     '2.6.4',
357 silly addNameRange     '2.6.5',
357 silly addNameRange     '2.7.0' ] ]
358 silly addNamed lru-cache@2.7.0
359 verbose addNamed "2.7.0" is a plain semver version for lru-cache
360 verbose get https://registry.npmjs.org/sigmund not expired, no request
361 silly addNameRange number 2 { name: 'sigmund', range: '>=1.0.0 <1.1.0', hasData: true }
362 silly addNameRange versions [ 'sigmund', [ '1.0.0', '1.0.1' ] ]
363 silly addNamed sigmund@1.0.1
364 verbose addNamed "1.0.1" is a plain semver version for sigmund
365 silly cache afterAdd lru-cache@2.7.0
366 verbose afterAdd /Users/TinyForce/.npm/lru-cache/2.7.0/package/package.json not in flight; writing
367 silly cache afterAdd sigmund@1.0.1
368 verbose afterAdd /Users/TinyForce/.npm/sigmund/1.0.1/package/package.json not in flight; writing
369 verbose afterAdd /Users/TinyForce/.npm/lru-cache/2.7.0/package/package.json written
370 verbose afterAdd /Users/TinyForce/.npm/sigmund/1.0.1/package/package.json written
371 silly fetchNamedPackageData abbrev
372 silly mapToRegistry name abbrev
373 silly mapToRegistry using default registry
374 silly mapToRegistry registry https://registry.npmjs.org/
375 silly mapToRegistry uri https://registry.npmjs.org/abbrev
376 verbose request uri https://registry.npmjs.org/abbrev
377 verbose request no auth needed
378 info attempt registry request try #1 at 11:41:47 AM
379 verbose etag "F3Q3N6H2H59MS1PC9J6CMODYT"
380 http request GET https://registry.npmjs.org/abbrev
381 http 304 https://registry.npmjs.org/abbrev
382 verbose headers { date: 'Fri, 20 Nov 2015 10:41:47 GMT',
382 verbose headers   via: '1.1 varnish',
382 verbose headers   'cache-control': 'max-age=60',
382 verbose headers   etag: '"F3Q3N6H2H59MS1PC9J6CMODYT"',
382 verbose headers   age: '7',
382 verbose headers   connection: 'keep-alive',
382 verbose headers   'x-served-by': 'cache-fra1248-FRA',
382 verbose headers   'x-cache': 'HIT',
382 verbose headers   'x-cache-hits': '2',
382 verbose headers   'x-timer': 'S1448016107.727668,VS0,VE0',
382 verbose headers   vary: 'Accept' }
383 silly get cb [ 304,
383 silly get   { date: 'Fri, 20 Nov 2015 10:41:47 GMT',
383 silly get     via: '1.1 varnish',
383 silly get     'cache-control': 'max-age=60',
383 silly get     etag: '"F3Q3N6H2H59MS1PC9J6CMODYT"',
383 silly get     age: '7',
383 silly get     connection: 'keep-alive',
383 silly get     'x-served-by': 'cache-fra1248-FRA',
383 silly get     'x-cache': 'HIT',
383 silly get     'x-cache-hits': '2',
383 silly get     'x-timer': 'S1448016107.727668,VS0,VE0',
383 silly get     vary: 'Accept' } ]
384 verbose etag https://registry.npmjs.org/abbrev from cache
385 verbose get saving abbrev to /Users/TinyForce/.npm/registry.npmjs.org/abbrev/.cache.json
386 silly resolveWithNewModule abbrev@1.0.7 checking installable status
387 silly cache add args [ 'abbrev@1', null ]
388 verbose cache add spec abbrev@1
389 silly cache add parsed spec Result {
389 silly cache add   raw: 'abbrev@1',
389 silly cache add   scope: null,
389 silly cache add   name: 'abbrev',
389 silly cache add   rawSpec: '1',
389 silly cache add   spec: '>=1.0.0 <2.0.0',
389 silly cache add   type: 'range' }
390 silly addNamed abbrev@>=1.0.0 <2.0.0
391 verbose addNamed ">=1.0.0 <2.0.0" is a valid semver range for abbrev
392 silly addNameRange { name: 'abbrev', range: '>=1.0.0 <2.0.0', hasData: false }
393 silly mapToRegistry name abbrev
394 silly mapToRegistry using default registry
395 silly mapToRegistry registry https://registry.npmjs.org/
396 silly mapToRegistry uri https://registry.npmjs.org/abbrev
397 verbose addNameRange registry:https://registry.npmjs.org/abbrev not in flight; fetching
398 verbose get https://registry.npmjs.org/abbrev not expired, no request
399 silly addNameRange number 2 { name: 'abbrev', range: '>=1.0.0 <2.0.0', hasData: true }
400 silly addNameRange versions [ 'abbrev', [ '1.0.3', '1.0.4', '1.0.5', '1.0.6', '1.0.7' ] ]
401 silly addNamed abbrev@1.0.7
402 verbose addNamed "1.0.7" is a plain semver version for abbrev
403 silly cache afterAdd abbrev@1.0.7
404 verbose afterAdd /Users/TinyForce/.npm/abbrev/1.0.7/package/package.json not in flight; writing
405 verbose afterAdd /Users/TinyForce/.npm/abbrev/1.0.7/package/package.json written
406 silly loadAllDepsIntoIdealTree Finishing
407 silly idealTree:prePrune lib
407 silly idealTree:prePrune └─┬ grunt-cli@0.1.13
407 silly idealTree:prePrune   ├── abbrev@1.0.7
407 silly idealTree:prePrune   ├── findup-sync@0.1.3
407 silly idealTree:prePrune   ├── glob@3.2.11
407 silly idealTree:prePrune   ├── inherits@2.0.1
407 silly idealTree:prePrune   ├── lodash@2.4.2
407 silly idealTree:prePrune   ├── lru-cache@2.7.0
407 silly idealTree:prePrune   ├── minimatch@0.3.0
407 silly idealTree:prePrune   ├── nopt@1.0.10
407 silly idealTree:prePrune   ├── resolve@0.3.1
407 silly idealTree:prePrune   └── sigmund@1.0.1
408 silly loadIdealTree Finishing
409 silly currentTree lib
409 silly currentTree └─┬ grunt-cli@0.1.13
409 silly currentTree   ├── abbrev@1.0.7
409 silly currentTree   ├── findup-sync@0.1.3
409 silly currentTree   ├── glob@3.2.11
409 silly currentTree   ├── inherits@2.0.1
409 silly currentTree   ├── lodash@2.4.2
409 silly currentTree   ├── lru-cache@2.7.0
409 silly currentTree   ├── minimatch@0.3.0
409 silly currentTree   ├── nopt@1.0.10
409 silly currentTree   ├── resolve@0.3.1
409 silly currentTree   └── sigmund@1.0.1
410 silly idealTree lib
410 silly idealTree └─┬ grunt-cli@0.1.13
410 silly idealTree   ├── abbrev@1.0.7
410 silly idealTree   ├── findup-sync@0.1.3
410 silly idealTree   ├── glob@3.2.11
410 silly idealTree   ├── inherits@2.0.1
410 silly idealTree   ├── lodash@2.4.2
410 silly idealTree   ├── lru-cache@2.7.0
410 silly idealTree   ├── minimatch@0.3.0
410 silly idealTree   ├── nopt@1.0.10
410 silly idealTree   ├── resolve@0.3.1
410 silly idealTree   └── sigmund@1.0.1
411 silly generateActionsToTake Starting
412 silly install generateActionsToTake
413 warn checkPermissions Missing write access to /usr/local/lib/node_modules/grunt-cli
414 warn checkPermissions Missing write access to /usr/local/lib/node_modules
415 silly rollbackFailedOptional Starting
416 silly rollbackFailedOptional Finishing
417 silly runTopLevelLifecycles Starting
418 silly runTopLevelLifecycles Finishing
419 silly install printInstalled
420 verbose stack Error: EACCES: permission denied, access '/usr/local/lib/node_modules/grunt-cli'
420 verbose stack     at Error (native)
421 verbose cwd /Users/TinyForce/Desktop/GitRepos/Testing_01
422 error Darwin 15.0.0
423 error argv "/usr/local/bin/node" "/usr/local/bin/npm" "install" "-g" "grunt-cli"
424 error node v5.1.0
425 error npm  v3.3.12
426 error path /usr/local/lib/node_modules/grunt-cli
427 error code EACCES
428 error errno -13
429 error syscall access
430 error Error: EACCES: permission denied, access '/usr/local/lib/node_modules/grunt-cli'
430 error     at Error (native)
430 error  { [Error: EACCES: permission denied, access '/usr/local/lib/node_modules/grunt-cli']
430 error   errno: -13,
430 error   code: 'EACCES',
430 error   syscall: 'access',
430 error   path: '/usr/local/lib/node_modules/grunt-cli' }
431 error Please try running this command again as root/Administrator.
432 verbose exit [ -13, true ]
